<?xml version="1.0" encoding="UTF-8"?>
<!-- Generated by org.testng.reporters.JUnitReportReporter -->
<testsuite hostname="DESKTOP-LT0EJK3" failures="0" tests="1" name="org.test.ng.Testng" time="2.396" errors="0" timestamp="28 Nov 2022 12:41:13 GMT" skipped="0">
  <testcase classname="org.test.ng.Testng" name="faceBook" time="2.396"/>
</testsuite> <!-- org.test.ng.Testng -->
